2025-08-30 23:12:32,498 [INFO] ColonyBankGUI - ==== Starting ColonyBank GUI ====
2025-08-30 23:19:26,271 [INFO] ColonyBankGUI - ==== Starting ColonyBank GUI ====
2025-08-30 23:25:19,740 [INFO] ColonyBankGUI - ==== Starting ColonyBank GUI ====
2025-08-30 23:31:47,479 [INFO] ColonyBankGUI - ==== Starting ColonyBank GUI ====
2025-08-30 23:34:44,034 [INFO] ColonyBankGUI - ==== Starting ColonyBank GUI ====
2025-08-30 23:37:09,736 [INFO] ColonyBankGUI - ==== Starting ColonyBank GUI ====
2025-08-31 02:41:24,445 [INFO] ColonyBankGUI - ==== Starting ColonyBank GUI ====
2025-08-31 02:51:40,505 [INFO] ColonyBankGUI - ==== Starting ColonyBank GUI ====
2025-08-31 18:32:32,846 [INFO] ColonyBankGUI - ==== Starting ColonyBank GUI ====
2025-08-31 18:38:41,568 [INFO] ColonyBankGUI - ==== Starting ColonyBank GUI ====
2025-08-31 18:51:37,059 [INFO] ColonyBankGUI - ==== Starting ColonyBank GUI ====
2025-08-31 18:54:14,552 [INFO] ColonyBankGUI - ==== Starting ColonyBank GUI ====
2025-08-31 18:55:12,835 [INFO] ColonyBankGUI - ==== Starting ColonyBank GUI ====
2025-08-31 18:56:14,702 [INFO] ColonyBankGUI - ==== Starting ColonyBank GUI ====
2025-08-31 18:56:31,375 [INFO] ColonyBankGUI - ==== Starting ColonyBank GUI ====
2025-08-31 23:14:41,991 [INFO] ColonyBankGUI - ==== Starting ColonyBank GUI ====
2025-09-01 00:46:14,058 [INFO] ColonyBankGUI - ==== Starting ColonyBank GUI ====
2025-09-01 20:29:37,844 [INFO] ColonyBankGUI - ==== Starting ColonyBank GUI ====
2025-09-02 12:45:00,855 [INFO] ColonyBankGUI - ==== Starting ColonyBank GUI ====
2025-09-04 00:09:10,657 [INFO] ColonyBankGUI - ==== Starting ColonyBank GUI ====
2025-09-04 19:23:17,804 [INFO] ColonyBankGUI - ==== Starting ColonyBank GUI ====
2025-09-05 22:35:38,975 [INFO] ColonyBankGUI - ==== Starting ColonyBank GUI ====
2025-09-08 22:57:25,013 [INFO] ColonyBankGUI - ==== Starting ColonyBank GUI ====
2025-09-08 22:58:43,008 [ERROR] ColonyBankGUI - UI callback error
Traceback (most recent call last):
  File "C:\Users\akshi\OneDrive\Desktop\FINALWORKINGPROJECT\gui_app.py", line 47, in _wrap
    return fn(*a, **k)
  File "C:\Users\akshi\OneDrive\Desktop\FINALWORKINGPROJECT\gui_app.py", line 319, in verify_and_login
    self.router.to_app()
  File "C:\Users\akshi\OneDrive\Desktop\FINALWORKINGPROJECT\gui_app.py", line 819, in to_app
    self.app = AppScreen(self.root, on_logout=self.to_login, theme=self.theme, last_section=self._last_section)
  File "C:\Users\akshi\OneDrive\Desktop\FINALWORKINGPROJECT\gui_app.py", line 450, in __init__
    self._show(self.section.get())
  File "C:\Users\akshi\OneDrive\Desktop\FINALWORKINGPROJECT\gui_app.py", line 479, in _show
    self.status.set(f"Viewing: {name}")
AttributeError: 'AppScreen' object has no attribute 'status'
2025-09-08 22:59:32,016 [INFO] ColonyBankGUI - ==== Starting ColonyBank GUI ====
2025-09-08 23:02:13,831 [INFO] ColonyBankGUI - ==== Starting ColonyBank GUI ====
2025-09-08 23:03:48,418 [INFO] ColonyBankGUI - ==== Starting ColonyBank GUI ====
2025-09-08 23:07:36,326 [INFO] ColonyBankGUI - ==== Starting ColonyBank GUI ====
2025-09-08 23:12:13,196 [INFO] ColonyBankGUI - ==== Starting ColonyBank GUI ====
2025-09-08 23:13:30,546 [INFO] ColonyBankGUI - ==== Starting ColonyBank GUI ====
2025-09-08 23:14:26,450 [INFO] ColonyBankGUI - ==== Starting ColonyBank GUI ====
2025-09-08 23:20:08,913 [INFO] ColonyBankGUI - ==== Starting ColonyBank GUI ====
2025-09-08 23:20:08,913 [INFO] ColonyBankGUI - ==== Starting ColonyBank GUI ====
2025-09-08 23:20:08,952 [ERROR] ColonyBankGUI - UI callback error
Traceback (most recent call last):
  File "C:\Users\akshi\OneDrive\Desktop\FINALWORKINGPROJECT\gui_app.py", line 47, in _wrap
    return fn(*a, **k)
  File "C:\Users\akshi\OneDrive\Desktop\FINALWORKINGPROJECT\gui_app.py", line 856, in main
    app = Shell(); app.mainloop()
  File "C:\Users\akshi\OneDrive\Desktop\FINALWORKINGPROJECT\gui_app.py", line 827, in __init__
    backend.initialize_transaction_log()
AttributeError: module 'intell' has no attribute 'initialize_transaction_log'
2025-09-08 23:24:00,125 [INFO] ColonyBankGUI - ==== Starting ColonyBank GUI ====
2025-09-08 23:24:00,126 [INFO] ColonyBankGUI - ==== Starting ColonyBank GUI ====
2025-09-08 23:24:00,171 [ERROR] ColonyBankGUI - UI callback error
Traceback (most recent call last):
  File "C:\Users\akshi\OneDrive\Desktop\FINALWORKINGPROJECT\gui_app.py", line 47, in _wrap
    return fn(*a, **k)
  File "C:\Users\akshi\OneDrive\Desktop\FINALWORKINGPROJECT\gui_app.py", line 856, in main
    app = Shell(); app.mainloop()
  File "C:\Users\akshi\OneDrive\Desktop\FINALWORKINGPROJECT\gui_app.py", line 827, in __init__
    backend.initialize_transaction_log()
AttributeError: module 'intell' has no attribute 'initialize_transaction_log'
2025-09-08 23:24:40,518 [INFO] ColonyBankGUI - ==== Starting ColonyBank GUI ====
2025-09-08 23:24:40,518 [INFO] ColonyBankGUI - ==== Starting ColonyBank GUI ====
2025-09-08 23:24:40,558 [ERROR] ColonyBankGUI - UI callback error
Traceback (most recent call last):
  File "C:\Users\akshi\OneDrive\Desktop\FINALWORKINGPROJECT\gui_app.py", line 47, in _wrap
    return fn(*a, **k)
  File "C:\Users\akshi\OneDrive\Desktop\FINALWORKINGPROJECT\gui_app.py", line 856, in main
    app = Shell(); app.mainloop()
  File "C:\Users\akshi\OneDrive\Desktop\FINALWORKINGPROJECT\gui_app.py", line 827, in __init__
    backend.initialize_transaction_log()
AttributeError: module 'intell' has no attribute 'initialize_transaction_log'
2025-09-08 23:32:15,578 [INFO] ColonyBankGUI - ==== Starting ColonyBank GUI ====
2025-09-08 23:32:15,579 [INFO] ColonyBankGUI - ==== Starting ColonyBank GUI ====
2025-09-08 23:32:15,625 [ERROR] ColonyBankGUI - UI callback error
Traceback (most recent call last):
  File "C:\Users\akshi\OneDrive\Desktop\FINALWORKINGPROJECT\gui_app.py", line 47, in _wrap
    return fn(*a, **k)
  File "C:\Users\akshi\OneDrive\Desktop\FINALWORKINGPROJECT\gui_app.py", line 856, in main
    app = Shell(); app.mainloop()
  File "C:\Users\akshi\OneDrive\Desktop\FINALWORKINGPROJECT\gui_app.py", line 827, in __init__
    backend.initialize_transaction_log()
AttributeError: module 'intell' has no attribute 'initialize_transaction_log'
2025-09-08 23:33:58,509 [INFO] ColonyBankGUI - ==== Starting ColonyBank GUI ====
2025-09-08 23:36:04,330 [INFO] ColonyBankGUI - ==== Starting ColonyBank GUI ====
2025-09-08 23:39:39,172 [INFO] ColonyBankGUI - ==== Starting ColonyBank GUI ====
2025-09-09 13:52:30,168 [INFO] ColonyBankGUI - ==== Starting ColonyBank GUI ====
2025-09-09 14:20:28,152 [INFO] ColonyBankGUI - ==== Starting ColonyBank GUI ====
2025-09-09 14:20:39,251 [INFO] ColonyBankGUI - ==== Starting ColonyBank GUI ====
2025-09-11 01:03:36,173 [INFO] ColonyBankGUI - ==== Starting ColonyBank GUI ====
2025-09-12 01:50:37,001 [INFO] ColonyBankGUI - ==== Starting ColonyBank GUI ====
2025-09-17 17:13:30,772 [INFO] ColonyBankGUI - ==== Starting ColonyBank GUI ====
2025-09-20 17:55:25,090 [INFO] ColonyBankGUI - ==== Starting ColonyBank GUI ====
2025-09-25 13:15:19,534 [INFO] ColonyBankGUI - ==== Starting ColonyBank GUI ====
2025-09-26 17:12:41,297 [INFO] ColonyBankGUI - ==== Starting ColonyBank GUI ====
2025-09-26 21:45:04,233 [INFO] ColonyBankGUI - ==== Starting ColonyBank GUI ====
2025-09-26 22:14:49,653 [INFO] ColonyBankGUI - ==== Starting ColonyBank GUI ====
2025-09-26 22:36:23,054 [INFO] ColonyBankGUI - ==== Starting ColonyBank GUI ====
2025-09-26 22:47:13,836 [INFO] ColonyBankGUI - ==== Starting ColonyBank GUI ====
2025-09-26 22:52:29,204 [INFO] ColonyBankGUI - ==== Starting ColonyBank GUI ====
2025-09-27 13:05:39,971 [INFO] ColonyBankGUI - ==== Starting ColonyBank GUI ====
2025-09-27 13:41:59,381 [INFO] ColonyBankGUI - ==== Starting ColonyBank GUI ====
2025-09-27 13:54:17,094 [INFO] ColonyBankGUI - ==== Starting ColonyBank GUI ====
2025-09-27 13:55:57,142 [INFO] ColonyBankGUI - ==== Starting ColonyBank GUI ====
2025-10-03 22:32:48,621 [INFO] ColonyBankGUI - ==== Starting ColonyBank GUI ====
2025-10-03 23:22:44,189 [INFO] ColonyBankGUI - ==== Starting ColonyBank GUI ====
2025-10-03 23:32:58,499 [INFO] ColonyBankGUI - ==== Starting ColonyBank GUI ====
2025-10-03 23:35:33,571 [INFO] ColonyBankGUI - ==== Starting ColonyBank GUI ====
2025-10-03 23:36:12,625 [INFO] ColonyBankGUI - ==== Starting ColonyBank GUI ====
2025-10-03 23:37:09,023 [INFO] ColonyBankGUI - ==== Starting ColonyBank GUI ====
2025-10-03 23:38:15,273 [INFO] ColonyBankGUI - ==== Starting ColonyBank GUI ====
2025-10-03 23:39:08,410 [INFO] ColonyBankGUI - ==== Starting ColonyBank GUI ====
2025-10-17 04:34:20,401 [INFO] ColonyBankGUI - ==== Starting ColonyBank GUI ====
2025-10-20 12:30:02,191 [INFO] ColonyBankGUI - ==== Starting ColonyBank GUI ====
2026-02-12 21:25:55,541 [INFO] ColonyBankGUI - ==== Starting ColonyBank GUI ====
2026-02-12 21:34:05,794 [INFO] ColonyBankGUI - ==== Starting ColonyBank GUI ====
2026-02-22 12:19:40,106 [INFO] ColonyBankGUI - ==== Starting ColonyBank GUI ====
2026-04-01 20:27:18,294 [INFO] ColonyBankGUI - ==== Starting ColonyBank GUI ====
